android/app/build_bk/intermediates/manifest_merge_blame_file/release/processReleaseMainManifest/manifest-merger-blame-release-report.txt
1<?xml version="1.0" encoding="utf-8"?>
2<manifest xmlns:android="http://schemas.android.com/apk/res/android"
3    package="com.tinvietsoft"
4    android:versionCode="1"
5    android:versionName="1.0" >
6
7    <uses-sdk
8        android:minSdkVersion="23"
9        android:targetSdkVersion="34" />
10
11    <uses-permission android:name="android.permission.INTERNET" />
11-->src\main\AndroidManifest.xml:3:5-67
11-->src\main\AndroidManifest.xml:3:22-64
12    <uses-permission android:name="android.permission.BROADCAST_CLOSE_SYSTEM_DIALOGS" />
12-->src\main\AndroidManifest.xml:4:5-89
12-->src\main\AndroidManifest.xml:4:22-86
13    <uses-permission android:name="android.permission.CAMERA" />
13-->src\main\AndroidManifest.xml:6:2-62
13-->src\main\AndroidManifest.xml:6:19-59
14
15    <uses-feature
15-->src\main\AndroidManifest.xml:7:5-85
16        android:name="android.hardware.camera"
16-->src\main\AndroidManifest.xml:7:19-57
17        android:required="false" />
17-->src\main\AndroidManifest.xml:7:58-82
18
19    <uses-permission android:name="android.permission.RECORD_AUDIO" />
19-->src\main\AndroidManifest.xml:8:5-71
19-->src\main\AndroidManifest.xml:8:22-68
20    <uses-permission android:name="android.permission.READ_EXTERNAL_STORAGE" />
20-->src\main\AndroidManifest.xml:10:2-77
20-->src\main\AndroidManifest.xml:10:19-74
21    <uses-permission android:name="android.permission.WRITE_EXTERNAL_STORAGE" />
21-->src\main\AndroidManifest.xml:11:2-78
21-->src\main\AndroidManifest.xml:11:19-75
22    <uses-permission android:name="android.permission.USE_FINGERPRINT" />
22-->src\main\AndroidManifest.xml:13:5-14:61
22-->src\main\AndroidManifest.xml:14:9-58
23    <!--
24    <uses-permission
25        android:name="android.permission.CAMERA" /> + <uses-permission
26        android:name="android.permission.RECORD_AUDIO" />
27    <uses-permission
28        android:name="android.permission.READ_EXTERNAL_STORAGE" />
29    <uses-permission
30        android:name="android.permission.WRITE_EXTERNAL_STORAGE" />
31    -->
32    <uses-permission android:name="android.permission.DOWNLOAD_WITHOUT_NOTIFICATION" />
32-->src\main\AndroidManifest.xml:22:5-23:75
32-->src\main\AndroidManifest.xml:23:9-72
33    <uses-permission android:name="android.permission.SYSTEM_ALERT_WINDOW" />
33-->src\main\AndroidManifest.xml:24:5-25:65
33-->src\main\AndroidManifest.xml:25:9-62
34    <uses-permission android:name="android.permission.ACCESS_NETWORK_STATE" />
34-->src\main\AndroidManifest.xml:26:5-27:66
34-->src\main\AndroidManifest.xml:27:9-63
35    <uses-permission android:name="android.permission.VIBRATE" />
35-->src\main\AndroidManifest.xml:28:5-29:53
35-->src\main\AndroidManifest.xml:29:9-50
36    <uses-permission android:name="android.permission.RECEIVE_BOOT_COMPLETED" />
36-->src\main\AndroidManifest.xml:30:5-31:68
36-->src\main\AndroidManifest.xml:31:9-65
37    <!-- Define ACCESS_FINE_LOCATION if you will use enableHighAccuracy=true -->
38    <uses-permission android:name="android.permission.ACCESS_FINE_LOCATION" />
38-->src\main\AndroidManifest.xml:33:5-34:66
38-->src\main\AndroidManifest.xml:34:9-63
39    <!-- android:icon="@mipmap/ic_tvs_3655" -->
40    <!-- android:roundIcon="@mipmap/ic_tvs_3655" -->
41    <!-- Define ACCESS_COARSE_LOCATION if you will use enableHighAccuracy=false -->
42    <uses-permission android:name="android.permission.ACCESS_COARSE_LOCATION" />
42-->src\main\AndroidManifest.xml:38:5-39:68
42-->src\main\AndroidManifest.xml:39:9-65
43
44    <queries>
44-->src\main\AndroidManifest.xml:120:5-126:15
45        <intent>
45-->src\main\AndroidManifest.xml:121:9-125:18
46            <action android:name="android.intent.action.VIEW" />
46-->src\main\AndroidManifest.xml:122:13-65
46-->src\main\AndroidManifest.xml:122:21-62
47            <!-- If you don't know the MIME type in advance, set "mimeType" to "*/*". -->
48            <data android:mimeType="application/pdf" />
48-->src\main\AndroidManifest.xml:124:13-56
48-->src\main\AndroidManifest.xml:124:19-53
49        </intent>
50        <!-- Needs to be explicitly declared on Android R+ -->
51        <package android:name="com.google.android.apps.maps" />
51-->[com.google.android.gms:play-services-maps:18.2.0] AndroidManifest.xml:33:9-64
51-->[com.google.android.gms:play-services-maps:18.2.0] AndroidManifest.xml:33:18-61
52    </queries>
53
54    <uses-permission android:name="android.permission.ACCESS_WIFI_STATE" />
54-->[:react-native-community_netinfo] AndroidManifest.xml:8:5-76
54-->[:react-native-community_netinfo] AndroidManifest.xml:8:22-73
55    <uses-permission android:name="android.permission.WAKE_LOCK" />
55-->[:react-native-firebase_messaging] AndroidManifest.xml:8:5-68
55-->[:react-native-firebase_messaging] AndroidManifest.xml:8:22-65
56
57    <uses-feature
57-->[:react-native-camera] AndroidManifest.xml:12:5-14:36
58        android:name="android.hardware.camera.autofocus"
58-->[:react-native-camera] AndroidManifest.xml:13:9-57
59        android:required="false" /> <!-- Required to access Google Play Licensing -->
59-->[:react-native-camera] AndroidManifest.xml:14:9-33
60    <uses-permission android:name="com.android.vending.CHECK_LICENSE" />
60-->[:rn-fetch-blob] AndroidManifest.xml:8:5-73
60-->[:rn-fetch-blob] AndroidManifest.xml:8:22-70
61    <uses-permission android:name="android.permission.POST_NOTIFICATIONS" /> <!-- Required by older versions of Google Play services to create IID tokens -->
61-->[com.google.firebase:firebase-messaging:24.0.1] AndroidManifest.xml:23:5-77
61-->[com.google.firebase:firebase-messaging:24.0.1] AndroidManifest.xml:23:22-74
62    <uses-permission android:name="com.google.android.c2dm.permission.RECEIVE" />
62-->[com.google.firebase:firebase-messaging:24.0.1] AndroidManifest.xml:26:5-82
62-->[com.google.firebase:firebase-messaging:24.0.1] AndroidManifest.xml:26:22-79
63
64    <uses-feature
64-->[com.google.android.gms:play-services-maps:18.2.0] AndroidManifest.xml:26:5-28:35
65        android:glEsVersion="0x00020000"
65-->[com.google.android.gms:play-services-maps:18.2.0] AndroidManifest.xml:27:9-41
66        android:required="true" />
66-->[com.google.android.gms:play-services-maps:18.2.0] AndroidManifest.xml:28:9-32
67
68    <uses-permission android:name="android.permission.FOREGROUND_SERVICE" />
68-->[androidx.work:work-runtime:2.7.1] AndroidManifest.xml:28:5-77
68-->[androidx.work:work-runtime:2.7.1] AndroidManifest.xml:28:22-74
69
70    <permission
70-->[androidx.core:core:1.12.0] AndroidManifest.xml:22:5-24:47
71        android:name="com.tinvietsoft.DYNAMIC_RECEIVER_NOT_EXPORTED_PERMISSION"
71-->[androidx.core:core:1.12.0] AndroidManifest.xml:23:9-81
72        android:protectionLevel="signature" />
72-->[androidx.core:core:1.12.0] AndroidManifest.xml:24:9-44
73
74    <uses-permission android:name="com.tinvietsoft.DYNAMIC_RECEIVER_NOT_EXPORTED_PERMISSION" />
74-->[androidx.core:core:1.12.0] AndroidManifest.xml:26:5-97
74-->[androidx.core:core:1.12.0] AndroidManifest.xml:26:22-94
75    <uses-permission android:name="com.google.android.finsky.permission.BIND_GET_INSTALL_REFERRER_SERVICE" /> <!-- for android -->
75-->[com.android.installreferrer:installreferrer:1.1.2] AndroidManifest.xml:9:5-110
75-->[com.android.installreferrer:installreferrer:1.1.2] AndroidManifest.xml:9:22-107
76    <!-- <uses-permission android:name="com.android.launcher.permission.READ_SETTINGS"/> -->
77    <!-- <uses-permission android:name="com.android.launcher.permission.WRITE_SETTINGS"/> -->
78    <!-- <uses-permission android:name="com.android.launcher.permission.INSTALL_SHORTCUT" /> -->
79    <!-- <uses-permission android:name="com.android.launcher.permission.UNINSTALL_SHORTCUT" /> -->
80    <!-- for Samsung -->
81    <uses-permission android:name="com.sec.android.provider.badge.permission.READ" />
81-->[me.leolin:ShortcutBadger:1.1.22] AndroidManifest.xml:19:5-86
81-->[me.leolin:ShortcutBadger:1.1.22] AndroidManifest.xml:19:22-83
82    <uses-permission android:name="com.sec.android.provider.badge.permission.WRITE" /> <!-- for htc -->
82-->[me.leolin:ShortcutBadger:1.1.22] AndroidManifest.xml:20:5-87
82-->[me.leolin:ShortcutBadger:1.1.22] AndroidManifest.xml:20:22-84
83    <uses-permission android:name="com.htc.launcher.permission.READ_SETTINGS" />
83-->[me.leolin:ShortcutBadger:1.1.22] AndroidManifest.xml:23:5-81
83-->[me.leolin:ShortcutBadger:1.1.22] AndroidManifest.xml:23:22-78
84    <uses-permission android:name="com.htc.launcher.permission.UPDATE_SHORTCUT" /> <!-- for sony -->
84-->[me.leolin:ShortcutBadger:1.1.22] AndroidManifest.xml:24:5-83
84-->[me.leolin:ShortcutBadger:1.1.22] AndroidManifest.xml:24:22-80
85    <uses-permission android:name="com.sonyericsson.home.permission.BROADCAST_BADGE" />
85-->[me.leolin:ShortcutBadger:1.1.22] AndroidManifest.xml:27:5-88
85-->[me.leolin:ShortcutBadger:1.1.22] AndroidManifest.xml:27:22-85
86    <uses-permission android:name="com.sonymobile.home.permission.PROVIDER_INSERT_BADGE" /> <!-- for apex -->
86-->[me.leolin:ShortcutBadger:1.1.22] AndroidManifest.xml:28:5-92
86-->[me.leolin:ShortcutBadger:1.1.22] AndroidManifest.xml:28:22-89
87    <uses-permission android:name="com.anddoes.launcher.permission.UPDATE_COUNT" /> <!-- for solid -->
87-->[me.leolin:ShortcutBadger:1.1.22] AndroidManifest.xml:31:5-84
87-->[me.leolin:ShortcutBadger:1.1.22] AndroidManifest.xml:31:22-81
88    <uses-permission android:name="com.majeur.launcher.permission.UPDATE_BADGE" /> <!-- for huawei -->
88-->[me.leolin:ShortcutBadger:1.1.22] AndroidManifest.xml:34:5-83
88-->[me.leolin:ShortcutBadger:1.1.22] AndroidManifest.xml:34:22-80
89    <uses-permission android:name="com.huawei.android.launcher.permission.CHANGE_BADGE" />
89-->[me.leolin:ShortcutBadger:1.1.22] AndroidManifest.xml:37:5-91
89-->[me.leolin:ShortcutBadger:1.1.22] AndroidManifest.xml:37:22-88
90    <uses-permission android:name="com.huawei.android.launcher.permission.READ_SETTINGS" />
90-->[me.leolin:ShortcutBadger:1.1.22] AndroidManifest.xml:38:5-92
90-->[me.leolin:ShortcutBadger:1.1.22] AndroidManifest.xml:38:22-89
91    <uses-permission android:name="com.huawei.android.launcher.permission.WRITE_SETTINGS" /> <!-- for ZUK -->
91-->[me.leolin:ShortcutBadger:1.1.22] AndroidManifest.xml:39:5-93
91-->[me.leolin:ShortcutBadger:1.1.22] AndroidManifest.xml:39:22-90
92    <uses-permission android:name="android.permission.READ_APP_BADGE" /> <!-- for OPPO -->
92-->[me.leolin:ShortcutBadger:1.1.22] AndroidManifest.xml:42:5-73
92-->[me.leolin:ShortcutBadger:1.1.22] AndroidManifest.xml:42:22-70
93    <uses-permission android:name="com.oppo.launcher.permission.READ_SETTINGS" />
93-->[me.leolin:ShortcutBadger:1.1.22] AndroidManifest.xml:45:5-82
93-->[me.leolin:ShortcutBadger:1.1.22] AndroidManifest.xml:45:22-79
94    <uses-permission android:name="com.oppo.launcher.permission.WRITE_SETTINGS" /> <!-- for EvMe -->
94-->[me.leolin:ShortcutBadger:1.1.22] AndroidManifest.xml:46:5-83
94-->[me.leolin:ShortcutBadger:1.1.22] AndroidManifest.xml:46:22-80
95    <uses-permission android:name="me.everything.badger.permission.BADGE_COUNT_READ" />
95-->[me.leolin:ShortcutBadger:1.1.22] AndroidManifest.xml:49:5-88
95-->[me.leolin:ShortcutBadger:1.1.22] AndroidManifest.xml:49:22-85
96    <uses-permission android:name="me.everything.badger.permission.BADGE_COUNT_WRITE" />
96-->[me.leolin:ShortcutBadger:1.1.22] AndroidManifest.xml:50:5-89
96-->[me.leolin:ShortcutBadger:1.1.22] AndroidManifest.xml:50:22-86
97
98    <application
98-->src\main\AndroidManifest.xml:40:5-119:19
99        android:name="com.tinvietsoft.MainApplication"
99-->src\main\AndroidManifest.xml:41:9-40
100        android:allowBackup="false"
100-->src\main\AndroidManifest.xml:41:41-68
101        android:appComponentFactory="androidx.core.app.CoreComponentFactory"
101-->[androidx.core:core:1.12.0] AndroidManifest.xml:28:18-86
102        android:extractNativeLibs="false"
103        android:icon="@mipmap/time365_101_round"
103-->src\main\AndroidManifest.xml:42:9-49
104        android:label="@string/app_name"
104-->src\main\AndroidManifest.xml:42:50-82
105        android:requestLegacyExternalStorage="true"
105-->src\main\AndroidManifest.xml:43:9-52
106        android:roundIcon="@mipmap/time365_101_round"
106-->src\main\AndroidManifest.xml:43:53-98
107        android:theme="@style/AppTheme"
107-->src\main\AndroidManifest.xml:44:9-40
108        android:usesCleartextTraffic="true"
108-->src\main\AndroidManifest.xml:44:41-76
109        android:windowSoftInputMode="adjustResize" >
109-->src\main\AndroidManifest.xml:45:9-51
110        <provider
111            android:name="com.vinzscam.reactnativefileviewer.FileProvider"
111-->src\main\AndroidManifest.xml:47:13-75
112            android:authorities="com.tinvietsoft.provider"
112-->src\main\AndroidManifest.xml:48:13-60
113            android:exported="false"
113-->src\main\AndroidManifest.xml:49:13-37
114            android:grantUriPermissions="true" >
114-->src\main\AndroidManifest.xml:50:13-47
115            <meta-data
115-->src\main\AndroidManifest.xml:51:13-54:15
116                android:name="android.support.FILE_PROVIDER_PATHS"
116-->src\main\AndroidManifest.xml:52:17-67
117                android:resource="@xml/file_viewer_provider_paths" />
117-->src\main\AndroidManifest.xml:53:17-67
118        </provider>
119        <!-- android:icon="@mipmap/time365_101" -->
120        <!-- android:label="@string/app_name" -->
121        <!-- android:requestLegacyExternalStorage="true" -->
122        <!-- android:roundIcon="@mipmap/time365_101_foreground" -->
123        <!-- android:theme="@style/AppTheme" -->
124        <!-- android:usesCleartextTraffic="true" -->
125        <!-- android:windowSoftInputMode="adjustResize" -->
126        <!-- Add this SplashActivity -->
127        <activity
127-->src\main\AndroidManifest.xml:64:9-71:20
128            android:name="com.tinvietsoft.SplashActivity"
128-->src\main\AndroidManifest.xml:64:19-49
129            android:exported="true"
129-->src\main\AndroidManifest.xml:65:13-36
130            android:label="@string/app_name" >
130-->src\main\AndroidManifest.xml:64:50-82
131            <intent-filter>
131-->src\main\AndroidManifest.xml:66:13-70:29
132                <action android:name="android.intent.action.MAIN" />
132-->src\main\AndroidManifest.xml:67:17-69
132-->src\main\AndroidManifest.xml:67:25-66
133
134                <category android:name="android.intent.category.LAUNCHER" />
134-->src\main\AndroidManifest.xml:68:17-77
134-->src\main\AndroidManifest.xml:68:27-74
135
136                <action android:name="android.intent.action.DOWNLOAD_COMPLETE" />
136-->src\main\AndroidManifest.xml:69:17-82
136-->src\main\AndroidManifest.xml:69:25-79
137            </intent-filter>
138        </activity>
139        <activity
139-->src\main\AndroidManifest.xml:72:9-75:67
140            android:name="com.tinvietsoft.MainActivity"
140-->src\main\AndroidManifest.xml:72:19-47
141            android:configChanges="keyboard|keyboardHidden|orientation|screenSize|uiMode"
141-->src\main\AndroidManifest.xml:73:13-90
142            android:exported="true"
142-->src\main\AndroidManifest.xml:74:13-36
143            android:label="@string/app_name"
143-->src\main\AndroidManifest.xml:74:37-69
144            android:launchMode="singleTask"
144-->src\main\AndroidManifest.xml:74:70-101
145            android:windowSoftInputMode="adjustResize" />
145-->src\main\AndroidManifest.xml:75:13-55
146        <activity android:name="com.facebook.react.devsupport.DevSettingsActivity" />
146-->src\main\AndroidManifest.xml:76:9-86
146-->src\main\AndroidManifest.xml:76:19-83
147
148        <receiver android:name="com.dieam.reactnativepushnotification.modules.RNPushNotificationActions" />
148-->src\main\AndroidManifest.xml:78:9-79:102
148-->src\main\AndroidManifest.xml:79:13-99
149        <receiver android:name="com.dieam.reactnativepushnotification.modules.RNPushNotificationPublisher" />
149-->src\main\AndroidManifest.xml:80:9-81:104
149-->src\main\AndroidManifest.xml:81:13-101
150        <receiver
150-->src\main\AndroidManifest.xml:82:9-90:20
151            android:name="com.dieam.reactnativepushnotification.modules.RNPushNotificationBootEventReceiver"
151-->src\main\AndroidManifest.xml:83:13-109
152            android:exported="true" >
152-->src\main\AndroidManifest.xml:84:13-36
153            <intent-filter>
153-->src\main\AndroidManifest.xml:85:13-89:29
154                <action android:name="android.intent.action.BOOT_COMPLETED" />
154-->src\main\AndroidManifest.xml:86:17-79
154-->src\main\AndroidManifest.xml:86:25-76
155                <action android:name="android.intent.action.QUICKBOOT_POWERON" />
155-->src\main\AndroidManifest.xml:87:17-82
155-->src\main\AndroidManifest.xml:87:25-79
156                <action android:name="com.htc.intent.action.QUICKBOOT_POWERON" />
156-->src\main\AndroidManifest.xml:88:17-82
156-->src\main\AndroidManifest.xml:88:25-79
157            </intent-filter>
158        </receiver>
159
160        <service
160-->src\main\AndroidManifest.xml:92:9-98:19
161            android:name="com.dieam.reactnativepushnotification.modules.RNPushNotificationListenerService"
161-->src\main\AndroidManifest.xml:93:13-107
162            android:exported="false" >
162-->src\main\AndroidManifest.xml:94:13-37
163            <intent-filter>
163-->src\main\AndroidManifest.xml:95:13-97:29
164                <action android:name="com.google.firebase.MESSAGING_EVENT" />
164-->src\main\AndroidManifest.xml:96:17-78
164-->src\main\AndroidManifest.xml:96:25-75
165            </intent-filter>
166        </service>
167
168        <!--
169             <meta-data
170                android:name="com.dieam.reactnativepushnotification.notification_foreground"
171                android:value="true" />
172            <meta-data
173                android:name="com.dieam.reactnativepushnotification.notification_color"
174                android:resource="@android:color/white" />
175        -->
176
177        <meta-data
177-->src\main\AndroidManifest.xml:107:9-108:71
178            android:name="com.google.android.maps.v2.API_KEY"
178-->src\main\AndroidManifest.xml:107:20-69
179            android:value="AIzaSyAyT1HUsboKcnjDTJ1XLRxYV7jJyUowJTk" />
179-->src\main\AndroidManifest.xml:108:13-68
180        <meta-data
180-->src\main\AndroidManifest.xml:109:9-110:60
181            android:name="com.google.firebase.messaging.default_notification_icon"
181-->src\main\AndroidManifest.xml:109:20-90
182            android:resource="@drawable/ic_notification" />
182-->src\main\AndroidManifest.xml:110:13-57
183
184        <!--
185        Set color used with incoming notification messages. This is us**ed when no color is set
186        for the incoming
187             notification message.
188        -->
189
190        <meta-data
190-->src\main\AndroidManifest.xml:116:9-117:47
191            android:name="com.google.firebase.messaging.default_notification_color"
191-->src\main\AndroidManifest.xml:116:20-91
192            android:resource="@color/white" />
192-->src\main\AndroidManifest.xml:117:13-44
193
194        <provider
194-->[:react-native-webview] AndroidManifest.xml:8:9-16:20
195            android:name="com.reactnativecommunity.webview.RNCWebViewFileProvider"
195-->[:react-native-webview] AndroidManifest.xml:9:13-83
196            android:authorities="com.tinvietsoft.fileprovider"
196-->[:react-native-webview] AndroidManifest.xml:10:13-64
197            android:exported="false"
197-->[:react-native-webview] AndroidManifest.xml:11:13-37
198            android:grantUriPermissions="true" >
198-->[:react-native-webview] AndroidManifest.xml:12:13-47
199            <meta-data
199-->src\main\AndroidManifest.xml:51:13-54:15
200                android:name="android.support.FILE_PROVIDER_PATHS"
200-->src\main\AndroidManifest.xml:52:17-67
201                android:resource="@xml/file_provider_paths" />
201-->src\main\AndroidManifest.xml:53:17-67
202        </provider>
203
204        <service
204-->[:react-native-firebase_messaging] AndroidManifest.xml:12:9-14:40
205            android:name="io.invertase.firebase.messaging.ReactNativeFirebaseMessagingHeadlessService"
205-->[:react-native-firebase_messaging] AndroidManifest.xml:13:13-103
206            android:exported="false" />
206-->[:react-native-firebase_messaging] AndroidManifest.xml:14:13-37
207        <service
207-->[:react-native-firebase_messaging] AndroidManifest.xml:15:9-21:19
208            android:name="io.invertase.firebase.messaging.ReactNativeFirebaseMessagingService"
208-->[:react-native-firebase_messaging] AndroidManifest.xml:16:13-95
209            android:exported="false" >
209-->[:react-native-firebase_messaging] AndroidManifest.xml:17:13-37
210            <intent-filter>
210-->src\main\AndroidManifest.xml:95:13-97:29
211                <action android:name="com.google.firebase.MESSAGING_EVENT" />
211-->src\main\AndroidManifest.xml:96:17-78
211-->src\main\AndroidManifest.xml:96:25-75
212            </intent-filter>
213        </service>
214
215        <receiver
215-->[:react-native-firebase_messaging] AndroidManifest.xml:23:9-30:20
216            android:name="io.invertase.firebase.messaging.ReactNativeFirebaseMessagingReceiver"
216-->[:react-native-firebase_messaging] AndroidManifest.xml:24:13-96
217            android:exported="true"
217-->[:react-native-firebase_messaging] AndroidManifest.xml:25:13-36
218            android:permission="com.google.android.c2dm.permission.SEND" >
218-->[:react-native-firebase_messaging] AndroidManifest.xml:26:13-73
219            <intent-filter>
219-->[:react-native-firebase_messaging] AndroidManifest.xml:27:13-29:29
220                <action android:name="com.google.android.c2dm.intent.RECEIVE" />
220-->[:react-native-firebase_messaging] AndroidManifest.xml:28:17-81
220-->[:react-native-firebase_messaging] AndroidManifest.xml:28:25-78
221            </intent-filter>
222        </receiver>
223
224        <meta-data
224-->[:react-native-firebase_messaging] AndroidManifest.xml:32:9-34:36
225            android:name="firebase_messaging_auto_init_enabled"
225-->[:react-native-firebase_messaging] AndroidManifest.xml:33:13-64
226            android:value="true" />
226-->[:react-native-firebase_messaging] AndroidManifest.xml:34:13-33
227        <meta-data
227-->[:react-native-firebase_messaging] AndroidManifest.xml:35:9-37:32
228            android:name="com.google.firebase.messaging.default_notification_channel_id"
228-->[:react-native-firebase_messaging] AndroidManifest.xml:36:13-89
229            android:value="" />
229-->[:react-native-firebase_messaging] AndroidManifest.xml:37:13-29
230        <meta-data
230-->[:react-native-firebase_app] AndroidManifest.xml:9:9-11:36
231            android:name="app_data_collection_default_enabled"
231-->[:react-native-firebase_app] AndroidManifest.xml:10:13-63
232            android:value="true" />
232-->[:react-native-firebase_app] AndroidManifest.xml:11:13-33
233
234        <service
234-->[:react-native-firebase_app] AndroidManifest.xml:13:9-21:19
235            android:name="com.google.firebase.components.ComponentDiscoveryService"
235-->[:react-native-firebase_app] AndroidManifest.xml:14:13-84
236            android:directBootAware="true"
236-->[:react-native-firebase_app] AndroidManifest.xml:15:13-43
237            android:exported="false" >
237-->[:react-native-firebase_app] AndroidManifest.xml:16:13-37
238            <meta-data
238-->[:react-native-firebase_app] AndroidManifest.xml:18:13-20:85
239                android:name="com.google.firebase.components:io.invertase.firebase.app.ReactNativeFirebaseAppRegistrar"
239-->[:react-native-firebase_app] AndroidManifest.xml:19:17-120
240                android:value="com.google.firebase.components.ComponentRegistrar" />
240-->[:react-native-firebase_app] AndroidManifest.xml:20:17-82
241            <meta-data
241-->[com.google.firebase:firebase-messaging:24.0.1] AndroidManifest.xml:57:13-59:85
242                android:name="com.google.firebase.components:com.google.firebase.messaging.FirebaseMessagingKtxRegistrar"
242-->[com.google.firebase:firebase-messaging:24.0.1] AndroidManifest.xml:58:17-122
243                android:value="com.google.firebase.components.ComponentRegistrar" />
243-->[com.google.firebase:firebase-messaging:24.0.1] AndroidManifest.xml:59:17-82
244            <meta-data
244-->[com.google.firebase:firebase-messaging:24.0.1] AndroidManifest.xml:60:13-62:85
245                android:name="com.google.firebase.components:com.google.firebase.messaging.FirebaseMessagingRegistrar"
245-->[com.google.firebase:firebase-messaging:24.0.1] AndroidManifest.xml:61:17-119
246                android:value="com.google.firebase.components.ComponentRegistrar" />
246-->[com.google.firebase:firebase-messaging:24.0.1] AndroidManifest.xml:62:17-82
247            <meta-data
247-->[com.google.firebase:firebase-installations:18.0.0] AndroidManifest.xml:15:13-17:85
248                android:name="com.google.firebase.components:com.google.firebase.installations.FirebaseInstallationsKtxRegistrar"
248-->[com.google.firebase:firebase-installations:18.0.0] AndroidManifest.xml:16:17-130
249                android:value="com.google.firebase.components.ComponentRegistrar" />
249-->[com.google.firebase:firebase-installations:18.0.0] AndroidManifest.xml:17:17-82
250            <meta-data
250-->[com.google.firebase:firebase-installations:18.0.0] AndroidManifest.xml:18:13-20:85
251                android:name="com.google.firebase.components:com.google.firebase.installations.FirebaseInstallationsRegistrar"
251-->[com.google.firebase:firebase-installations:18.0.0] AndroidManifest.xml:19:17-127
252                android:value="com.google.firebase.components.ComponentRegistrar" />
252-->[com.google.firebase:firebase-installations:18.0.0] AndroidManifest.xml:20:17-82
253            <meta-data
253-->[com.google.firebase:firebase-common-ktx:21.0.0] AndroidManifest.xml:12:13-14:85
254                android:name="com.google.firebase.components:com.google.firebase.ktx.FirebaseCommonLegacyRegistrar"
254-->[com.google.firebase:firebase-common-ktx:21.0.0] AndroidManifest.xml:13:17-116
255                android:value="com.google.firebase.components.ComponentRegistrar" />
255-->[com.google.firebase:firebase-common-ktx:21.0.0] AndroidManifest.xml:14:17-82
256            <meta-data
256-->[com.google.firebase:firebase-common:21.0.0] AndroidManifest.xml:35:13-37:85
257                android:name="com.google.firebase.components:com.google.firebase.FirebaseCommonKtxRegistrar"
257-->[com.google.firebase:firebase-common:21.0.0] AndroidManifest.xml:36:17-109
258                android:value="com.google.firebase.components.ComponentRegistrar" />
258-->[com.google.firebase:firebase-common:21.0.0] AndroidManifest.xml:37:17-82
259            <meta-data
259-->[com.google.firebase:firebase-datatransport:18.2.0] AndroidManifest.xml:25:13-27:85
260                android:name="com.google.firebase.components:com.google.firebase.datatransport.TransportRegistrar"
260-->[com.google.firebase:firebase-datatransport:18.2.0] AndroidManifest.xml:26:17-115
261                android:value="com.google.firebase.components.ComponentRegistrar" />
261-->[com.google.firebase:firebase-datatransport:18.2.0] AndroidManifest.xml:27:17-82
262        </service>
263
264        <provider
264-->[:react-native-firebase_app] AndroidManifest.xml:23:9-27:38
265            android:name="io.invertase.firebase.app.ReactNativeFirebaseAppInitProvider"
265-->[:react-native-firebase_app] AndroidManifest.xml:24:13-88
266            android:authorities="com.tinvietsoft.reactnativefirebaseappinitprovider"
266-->[:react-native-firebase_app] AndroidManifest.xml:25:13-86
267            android:exported="false"
267-->[:react-native-firebase_app] AndroidManifest.xml:26:13-37
268            android:initOrder="99" />
268-->[:react-native-firebase_app] AndroidManifest.xml:27:13-35
269        <provider
269-->[:react-native-blob-util] AndroidManifest.xml:35:9-43:20
270            android:name="com.ReactNativeBlobUtil.Utils.FileProvider"
270-->[:react-native-blob-util] AndroidManifest.xml:36:13-70
271            android:authorities="com.tinvietsoft.provider"
271-->[:react-native-blob-util] AndroidManifest.xml:37:13-60
272            android:exported="false"
272-->[:react-native-blob-util] AndroidManifest.xml:38:13-37
273            android:grantUriPermissions="true" >
273-->[:react-native-blob-util] AndroidManifest.xml:39:13-47
274            <meta-data
274-->src\main\AndroidManifest.xml:51:13-54:15
275                android:name="android.support.FILE_PROVIDER_PATHS"
275-->src\main\AndroidManifest.xml:52:17-67
276                android:resource="@xml/provider_paths" />
276-->src\main\AndroidManifest.xml:53:17-67
277        </provider>
278        <provider
278-->[:react-native-image-picker] AndroidManifest.xml:8:9-16:20
279            android:name="com.imagepicker.ImagePickerProvider"
279-->[:react-native-image-picker] AndroidManifest.xml:9:13-63
280            android:authorities="com.tinvietsoft.imagepickerprovider"
280-->[:react-native-image-picker] AndroidManifest.xml:10:13-71
281            android:exported="false"
281-->[:react-native-image-picker] AndroidManifest.xml:11:13-37
282            android:grantUriPermissions="true" >
282-->[:react-native-image-picker] AndroidManifest.xml:12:13-47
283            <meta-data
283-->src\main\AndroidManifest.xml:51:13-54:15
284                android:name="android.support.FILE_PROVIDER_PATHS"
284-->src\main\AndroidManifest.xml:52:17-67
285                android:resource="@xml/imagepicker_provider_paths" />
285-->src\main\AndroidManifest.xml:53:17-67
286        </provider>
287        <provider
287-->[:rn-fetch-blob] AndroidManifest.xml:32:9-40:20
288            android:name="com.RNFetchBlob.Utils.FileProvider"
288-->[:rn-fetch-blob] AndroidManifest.xml:33:13-62
289            android:authorities="com.tinvietsoft.provider"
289-->[:rn-fetch-blob] AndroidManifest.xml:34:13-60